# JRE version: Java(TM) SE Runtime Environment (8.0_171-b11) (build 1.8.0_171-b11)
# Java VM: Java HotSpot(TM) 64-Bit Server VM (25.171-b11 mixed mode windows-amd64 compressed oops)
Heap:
 PSYoungGen      total 642560K, used 413709K [0x00000000d5f00000, 0x00000000ffc00000, 0x0000000100000000)
  eden space 599040K, 69% used [0x00000000d5f00000,0x00000000ef3036c8,0x00000000fa800000)
  from space 43520K, 0% used [0x00000000fd180000,0x00000000fd180000,0x00000000ffc00000)
  to   space 42496K, 0% used [0x00000000fa800000,0x00000000fa800000,0x00000000fd180000)
 ParOldGen       total 125952K, used 47348K [0x0000000081c00000, 0x0000000089700000, 0x00000000d5f00000)
  object space 125952K, 37% used [0x0000000081c00000,0x0000000084a3d300,0x0000000089700000)
 Metaspace       used 67720K, capacity 70874K, committed 71168K, reserved 1112064K
  class space    used 8031K, capacity 8586K, committed 8704K, reserved 1048576K
GC Heap History (10 events):
Event: 21.233 GC heap before
{Heap before GC invocations=21 (full 2):
 PSYoungGen      total 629760K, used 15475K [0x00000000d5f00000, 0x00000000ffc80000, 0x0000000100000000)
  eden space 581632K, 0% used [0x00000000d5f00000,0x00000000d5f00000,0x00000000f9700000)
  from space 48128K, 32% used [0x00000000f9700000,0x00000000fa61cca0,0x00000000fc600000)
  to   space 45568K, 0% used [0x00000000fd000000,0x00000000fd000000,0x00000000ffc80000)
 ParOldGen       total 79360K, used 27299K [0x0000000081c00000, 0x0000000086980000, 0x00000000d5f00000)
  object space 79360K, 34% used [0x0000000081c00000,0x00000000836a8ca8,0x0000000086980000)
 Metaspace       used 34220K, capacity 35352K, committed 35496K, reserved 1081344K
  class space    used 4047K, capacity 4352K, committed 4352K, reserved 1048576K
Event: 21.281 GC heap after
Heap after GC invocations=21 (full 2):
 PSYoungGen      total 629760K, used 0K [0x00000000d5f00000, 0x00000000ffc80000, 0x0000000100000000)
  eden space 581632K, 0% used [0x00000000d5f00000,0x00000000d5f00000,0x00000000f9700000)
  from space 48128K, 0% used [0x00000000f9700000,0x00000000f9700000,0x00000000fc600000)
  to   space 45568K, 0% used [0x00000000fd000000,0x00000000fd000000,0x00000000ffc80000)
 ParOldGen       total 96768K, used 31420K [0x0000000081c00000, 0x0000000087a80000, 0x00000000d5f00000)
  object space 96768K, 32% used [0x0000000081c00000,0x0000000083aaf188,0x0000000087a80000)
 Metaspace       used 34220K, capacity 35352K, committed 35496K, reserved 1081344K
  class space    used 4047K, capacity 4352K, committed 4352K, reserved 1048576K
}
Event: 27.244 GC heap before
{Heap before GC invocations=22 (full 2):
 PSYoungGen      total 629760K, used 581632K [0x00000000d5f00000, 0x00000000ffc80000, 0x0000000100000000)
  eden space 581632K, 100% used [0x00000000d5f00000,0x00000000f9700000,0x00000000f9700000)
  from space 48128K, 0% used [0x00000000f9700000,0x00000000f9700000,0x00000000fc600000)
  to   space 45568K, 0% used [0x00000000fd000000,0x00000000fd000000,0x00000000ffc80000)
 ParOldGen       total 96768K, used 31420K [0x0000000081c00000, 0x0000000087a80000, 0x00000000d5f00000)
  object space 96768K, 32% used [0x0000000081c00000,0x0000000083aaf188,0x0000000087a80000)
 Metaspace       used 42931K, capacity 44460K, committed 44672K, reserved 1089536K
  class space    used 5139K, capacity 5491K, committed 5504K, reserved 1048576K
Event: 27.264 GC heap after
Heap after GC invocations=22 (full 2):
 PSYoungGen      total 640000K, used 25451K [0x00000000d5f00000, 0x00000000ffd80000, 0x0000000100000000)
  eden space 594432K, 0% used [0x00000000d5f00000,0x00000000d5f00000,0x00000000fa380000)
  from space 45568K, 55% used [0x00000000fd000000,0x00000000fe8dad98,0x00000000ffc80000)
  to   space 45568K, 0% used [0x00000000fa380000,0x00000000fa380000,0x00000000fd000000)
 ParOldGen       total 96768K, used 31428K [0x0000000081c00000, 0x0000000087a80000, 0x00000000d5f00000)
  object space 96768K, 32% used [0x0000000081c00000,0x0000000083ab1188,0x0000000087a80000)
 Metaspace       used 42931K, capacity 44460K, committed 44672K, reserved 1089536K
  class space    used 5139K, capacity 5491K, committed 5504K, reserved 1048576K
}
Event: 35.699 GC heap before
{Heap before GC invocations=23 (full 2):
 PSYoungGen      total 640000K, used 619883K [0x00000000d5f00000, 0x00000000ffd80000, 0x0000000100000000)
  eden space 594432K, 100% used [0x00000000d5f00000,0x00000000fa380000,0x00000000fa380000)
  from space 45568K, 55% used [0x00000000fd000000,0x00000000fe8dad98,0x00000000ffc80000)
  to   space 45568K, 0% used [0x00000000fa380000,0x00000000fa380000,0x00000000fd000000)
 ParOldGen       total 96768K, used 31428K [0x0000000081c00000, 0x0000000087a80000, 0x00000000d5f00000)
  object space 96768K, 32% used [0x0000000081c00000,0x0000000083ab1188,0x0000000087a80000)
 Metaspace       used 55204K, capacity 57196K, committed 57216K, reserved 1099776K
  class space    used 6615K, capacity 7037K, committed 7040K, reserved 1048576K
Event: 35.761 GC heap after
Heap after GC invocations=23 (full 2):
 PSYoungGen      total 640000K, used 20618K [0x00000000d5f00000, 0x00000000ffc00000, 0x0000000100000000)
  eden space 594432K, 0% used [0x00000000d5f00000,0x00000000d5f00000,0x00000000fa380000)
  from space 45568K, 45% used [0x00000000fa380000,0x00000000fb7a2898,0x00000000fd000000)
  to   space 43520K, 0% used [0x00000000fd180000,0x00000000fd180000,0x00000000ffc00000)
 ParOldGen       total 96768K, used 38096K [0x0000000081c00000, 0x0000000087a80000, 0x00000000d5f00000)
  object space 96768K, 39% used [0x0000000081c00000,0x0000000084134288,0x0000000087a80000)
 Metaspace       used 55204K, capacity 57196K, committed 57216K, reserved 1099776K
  class space    used 6615K, capacity 7037K, committed 7040K, reserved 1048576K
}
Event: 38.197 GC heap before
{Heap before GC invocations=24 (full 2):
 PSYoungGen      total 640000K, used 562675K [0x00000000d5f00000, 0x00000000ffc00000, 0x0000000100000000)
  eden space 594432K, 91% used [0x00000000d5f00000,0x00000000f705a6a0,0x00000000fa380000)
  from space 45568K, 45% used [0x00000000fa380000,0x00000000fb7a2898,0x00000000fd000000)
  to   space 43520K, 0% used [0x00000000fd180000,0x00000000fd180000,0x00000000ffc00000)
 ParOldGen       total 96768K, used 38096K [0x0000000081c00000, 0x0000000087a80000, 0x00000000d5f00000)
  object space 96768K, 39% used [0x0000000081c00000,0x0000000084134288,0x0000000087a80000)
 Metaspace       used 56884K, capacity 59032K, committed 59136K, reserved 1101824K
  class space    used 6728K, capacity 7161K, committed 7168K, reserved 1048576K
Event: 38.305 GC heap after
Heap after GC invocations=24 (full 2):
 PSYoungGen      total 642560K, used 11152K [0x00000000d5f00000, 0x00000000ffc00000, 0x0000000100000000)
  eden space 599040K, 0% used [0x00000000d5f00000,0x00000000d5f00000,0x00000000fa800000)
  from space 43520K, 25% used [0x00000000fd180000,0x00000000fdc641f0,0x00000000ffc00000)
  to   space 42496K, 0% used [0x00000000fa800000,0x00000000fa800000,0x00000000fd180000)
 ParOldGen       total 96768K, used 49850K [0x0000000081c00000, 0x0000000087a80000, 0x00000000d5f00000)
  object space 96768K, 51% used [0x0000000081c00000,0x0000000084caea80,0x0000000087a80000)
 Metaspace       used 56884K, capacity 59032K, committed 59136K, reserved 1101824K
  class space    used 6728K, capacity 7161K, committed 7168K, reserved 1048576K
}
Event: 38.305 GC heap before
{Heap before GC invocations=25 (full 3):
 PSYoungGen      total 642560K, used 11152K [0x00000000d5f00000, 0x00000000ffc00000, 0x0000000100000000)
  eden space 599040K, 0% used [0x00000000d5f00000,0x00000000d5f00000,0x00000000fa800000)
  from space 43520K, 25% used [0x00000000fd180000,0x00000000fdc641f0,0x00000000ffc00000)
  to   space 42496K, 0% used [0x00000000fa800000,0x00000000fa800000,0x00000000fd180000)
 ParOldGen       total 96768K, used 49850K [0x0000000081c00000, 0x0000000087a80000, 0x00000000d5f00000)
  object space 96768K, 51% used [0x0000000081c00000,0x0000000084caea80,0x0000000087a80000)
 Metaspace       used 56884K, capacity 59032K, committed 59136K, reserved 1101824K
  class space    used 6728K, capacity 7161K, committed 7168K, reserved 1048576K
Event: 38.626 GC heap after
Heap after GC invocations=25 (full 3):
 PSYoungGen      total 642560K, used 0K [0x00000000d5f00000, 0x00000000ffc00000, 0x0000000100000000)
  eden space 599040K, 0% used [0x00000000d5f00000,0x00000000d5f00000,0x00000000fa800000)
  from space 43520K, 0% used [0x00000000fd180000,0x00000000fd180000,0x00000000ffc00000)
  to   space 42496K, 0% used [0x00000000fa800000,0x00000000fa800000,0x00000000fd180000)
 ParOldGen       total 125952K, used 47348K [0x0000000081c00000, 0x0000000089700000, 0x00000000d5f00000)
  object space 125952K, 37% used [0x0000000081c00000,0x0000000084a3d300,0x0000000089700000)
 Metaspace       used 56884K, capacity 59032K, committed 59136K, reserved 1101824K
  class space    used 6728K, capacity 7161K, committed 7168K, reserved 1048576K
}

