# JRE version: Java(TM) SE Runtime Environment (8.0_171-b11) (build 1.8.0_171-b11)
# Java VM: Java HotSpot(TM) 64-Bit Server VM (25.171-b11 mixed mode windows-amd64 compressed oops)
Heap:
 PSYoungGen      total 641024K, used 231182K [0x00000000d5f00000, 0x0000000100000000, 0x0000000100000000)
  eden space 595456K, 38% used [0x00000000d5f00000,0x00000000e40c3a38,0x00000000fa480000)
  from space 45568K, 0% used [0x00000000fa480000,0x00000000fa480000,0x00000000fd100000)
  to   space 46080K, 0% used [0x00000000fd300000,0x00000000fd300000,0x0000000100000000)
 ParOldGen       total 156672K, used 47494K [0x0000000081c00000, 0x000000008b500000, 0x00000000d5f00000)
  object space 156672K, 30% used [0x0000000081c00000,0x0000000084a61ae0,0x000000008b500000)
 Metaspace       used 64238K, capacity 66664K, committed 66688K, reserved 1107968K
  class space    used 7574K, capacity 8063K, committed 8064K, reserved 1048576K
GC Heap History (10 events):
Event: 19.828 GC heap before
{Heap before GC invocations=18 (full 2):
 PSYoungGen      total 643072K, used 15685K [0x00000000d5f00000, 0x0000000100000000, 0x0000000100000000)
  eden space 595456K, 0% used [0x00000000d5f00000,0x00000000d5f00000,0x00000000fa480000)
  from space 47616K, 32% used [0x00000000fd180000,0x00000000fe0d1728,0x0000000100000000)
  to   space 46080K, 0% used [0x00000000fa480000,0x00000000fa480000,0x00000000fd180000)
 ParOldGen       total 102400K, used 54886K [0x0000000081c00000, 0x0000000088000000, 0x00000000d5f00000)
  object space 102400K, 53% used [0x0000000081c00000,0x0000000085199b80,0x0000000088000000)
 Metaspace       used 34299K, capacity 35352K, committed 35496K, reserved 1081344K
  class space    used 4058K, capacity 4352K, committed 4352K, reserved 1048576K
Event: 20.443 GC heap after
Heap after GC invocations=18 (full 2):
 PSYoungGen      total 643072K, used 0K [0x00000000d5f00000, 0x0000000100000000, 0x0000000100000000)
  eden space 595456K, 0% used [0x00000000d5f00000,0x00000000d5f00000,0x00000000fa480000)
  from space 47616K, 0% used [0x00000000fd180000,0x00000000fd180000,0x0000000100000000)
  to   space 46080K, 0% used [0x00000000fa480000,0x00000000fa480000,0x00000000fd180000)
 ParOldGen       total 111104K, used 33745K [0x0000000081c00000, 0x0000000088880000, 0x00000000d5f00000)
  object space 111104K, 30% used [0x0000000081c00000,0x0000000083cf4558,0x0000000088880000)
 Metaspace       used 34299K, capacity 35352K, committed 35496K, reserved 1081344K
  class space    used 4058K, capacity 4352K, committed 4352K, reserved 1048576K
}
Event: 25.795 GC heap before
{Heap before GC invocations=19 (full 2):
 PSYoungGen      total 643072K, used 595456K [0x00000000d5f00000, 0x0000000100000000, 0x0000000100000000)
  eden space 595456K, 100% used [0x00000000d5f00000,0x00000000fa480000,0x00000000fa480000)
  from space 47616K, 0% used [0x00000000fd180000,0x00000000fd180000,0x0000000100000000)
  to   space 46080K, 0% used [0x00000000fa480000,0x00000000fa480000,0x00000000fd180000)
 ParOldGen       total 111104K, used 33745K [0x0000000081c00000, 0x0000000088880000, 0x00000000d5f00000)
  object space 111104K, 30% used [0x0000000081c00000,0x0000000083cf4558,0x0000000088880000)
 Metaspace       used 43320K, capacity 44850K, committed 45056K, reserved 1089536K
  class space    used 5200K, capacity 5534K, committed 5632K, reserved 1048576K
Event: 25.849 GC heap after
Heap after GC invocations=19 (full 2):
 PSYoungGen      total 621568K, used 25881K [0x00000000d5f00000, 0x00000000ffd80000, 0x0000000100000000)
  eden space 595456K, 0% used [0x00000000d5f00000,0x00000000d5f00000,0x00000000fa480000)
  from space 26112K, 99% used [0x00000000fa480000,0x00000000fbdc6788,0x00000000fbe00000)
  to   space 45568K, 0% used [0x00000000fd100000,0x00000000fd100000,0x00000000ffd80000)
 ParOldGen       total 111104K, used 33753K [0x0000000081c00000, 0x0000000088880000, 0x00000000d5f00000)
  object space 111104K, 30% used [0x0000000081c00000,0x0000000083cf6558,0x0000000088880000)
 Metaspace       used 43320K, capacity 44850K, committed 45056K, reserved 1089536K
  class space    used 5200K, capacity 5534K, committed 5632K, reserved 1048576K
}
Event: 32.413 GC heap before
{Heap before GC invocations=20 (full 2):
 PSYoungGen      total 621568K, used 621337K [0x00000000d5f00000, 0x00000000ffd80000, 0x0000000100000000)
  eden space 595456K, 100% used [0x00000000d5f00000,0x00000000fa480000,0x00000000fa480000)
  from space 26112K, 99% used [0x00000000fa480000,0x00000000fbdc6788,0x00000000fbe00000)
  to   space 45568K, 0% used [0x00000000fd100000,0x00000000fd100000,0x00000000ffd80000)
 ParOldGen       total 111104K, used 33753K [0x0000000081c00000, 0x0000000088880000, 0x00000000d5f00000)
  object space 111104K, 30% used [0x0000000081c00000,0x0000000083cf6558,0x0000000088880000)
 Metaspace       used 55201K, capacity 57162K, committed 57216K, reserved 1099776K
  class space    used 6608K, capacity 7004K, committed 7040K, reserved 1048576K
Event: 32.454 GC heap after
Heap after GC invocations=20 (full 2):
 PSYoungGen      total 641024K, used 27181K [0x00000000d5f00000, 0x0000000100000000, 0x0000000100000000)
  eden space 595456K, 0% used [0x00000000d5f00000,0x00000000d5f00000,0x00000000fa480000)
  from space 45568K, 59% used [0x00000000fd100000,0x00000000feb8b7d8,0x00000000ffd80000)
  to   space 45568K, 0% used [0x00000000fa480000,0x00000000fa480000,0x00000000fd100000)
 ParOldGen       total 111104K, used 33761K [0x0000000081c00000, 0x0000000088880000, 0x00000000d5f00000)
  object space 111104K, 30% used [0x0000000081c00000,0x0000000083cf8558,0x0000000088880000)
 Metaspace       used 55201K, capacity 57162K, committed 57216K, reserved 1099776K
  class space    used 6608K, capacity 7004K, committed 7040K, reserved 1048576K
}
Event: 35.050 GC heap before
{Heap before GC invocations=21 (full 2):
 PSYoungGen      total 641024K, used 540430K [0x00000000d5f00000, 0x0000000100000000, 0x0000000100000000)
  eden space 595456K, 86% used [0x00000000d5f00000,0x00000000f5438378,0x00000000fa480000)
  from space 45568K, 59% used [0x00000000fd100000,0x00000000feb8b7d8,0x00000000ffd80000)
  to   space 45568K, 0% used [0x00000000fa480000,0x00000000fa480000,0x00000000fd100000)
 ParOldGen       total 111104K, used 33761K [0x0000000081c00000, 0x0000000088880000, 0x00000000d5f00000)
  object space 111104K, 30% used [0x0000000081c00000,0x0000000083cf8558,0x0000000088880000)
 Metaspace       used 56997K, capacity 59118K, committed 59136K, reserved 1101824K
  class space    used 6728K, capacity 7164K, committed 7168K, reserved 1048576K
Event: 35.085 GC heap after
Heap after GC invocations=21 (full 2):
 PSYoungGen      total 641024K, used 29384K [0x00000000d5f00000, 0x0000000100000000, 0x0000000100000000)
  eden space 595456K, 0% used [0x00000000d5f00000,0x00000000d5f00000,0x00000000fa480000)
  from space 45568K, 64% used [0x00000000fa480000,0x00000000fc1321c8,0x00000000fd100000)
  to   space 46080K, 0% used [0x00000000fd300000,0x00000000fd300000,0x0000000100000000)
 ParOldGen       total 111104K, used 33769K [0x0000000081c00000, 0x0000000088880000, 0x00000000d5f00000)
  object space 111104K, 30% used [0x0000000081c00000,0x0000000083cfa558,0x0000000088880000)
 Metaspace       used 56997K, capacity 59118K, committed 59136K, reserved 1101824K
  class space    used 6728K, capacity 7164K, committed 7168K, reserved 1048576K
}
Event: 35.085 GC heap before
{Heap before GC invocations=22 (full 3):
 PSYoungGen      total 641024K, used 29384K [0x00000000d5f00000, 0x0000000100000000, 0x0000000100000000)
  eden space 595456K, 0% used [0x00000000d5f00000,0x00000000d5f00000,0x00000000fa480000)
  from space 45568K, 64% used [0x00000000fa480000,0x00000000fc1321c8,0x00000000fd100000)
  to   space 46080K, 0% used [0x00000000fd300000,0x00000000fd300000,0x0000000100000000)
 ParOldGen       total 111104K, used 33769K [0x0000000081c00000, 0x0000000088880000, 0x00000000d5f00000)
  object space 111104K, 30% used [0x0000000081c00000,0x0000000083cfa558,0x0000000088880000)
 Metaspace       used 56997K, capacity 59118K, committed 59136K, reserved 1101824K
  class space    used 6728K, capacity 7164K, committed 7168K, reserved 1048576K
Event: 35.339 GC heap after
Heap after GC invocations=22 (full 3):
 PSYoungGen      total 641024K, used 0K [0x00000000d5f00000, 0x0000000100000000, 0x0000000100000000)
  eden space 595456K, 0% used [0x00000000d5f00000,0x00000000d5f00000,0x00000000fa480000)
  from space 45568K, 0% used [0x00000000fa480000,0x00000000fa480000,0x00000000fd100000)
  to   space 46080K, 0% used [0x00000000fd300000,0x00000000fd300000,0x0000000100000000)
 ParOldGen       total 156672K, used 47494K [0x0000000081c00000, 0x000000008b500000, 0x00000000d5f00000)
  object space 156672K, 30% used [0x0000000081c00000,0x0000000084a61ae0,0x000000008b500000)
 Metaspace       used 56997K, capacity 59118K, committed 59136K, reserved 1101824K
  class space    used 6728K, capacity 7164K, committed 7168K, reserved 1048576K
}

