# JRE version: Java(TM) SE Runtime Environment (8.0_171-b11) (build 1.8.0_171-b11)
# Java VM: Java HotSpot(TM) 64-Bit Server VM (25.171-b11 mixed mode windows-amd64 compressed oops)
Heap:
 PSYoungGen      total 644608K, used 384476K [0x00000000d5f00000, 0x00000000ffc00000, 0x0000000100000000)
  eden space 605184K, 60% used [0x00000000d5f00000,0x00000000ec1e4530,0x00000000fae00000)
  from space 39424K, 53% used [0x00000000fd580000,0x00000000fea12c80,0x00000000ffc00000)
  to   space 39936K, 0% used [0x00000000fae00000,0x00000000fae00000,0x00000000fd500000)
 ParOldGen       total 129536K, used 47374K [0x0000000081c00000, 0x0000000089a80000, 0x00000000d5f00000)
  object space 129536K, 36% used [0x0000000081c00000,0x0000000084a439e8,0x0000000089a80000)
 Metaspace       used 83266K, capacity 88100K, committed 88192K, reserved 1126400K
  class space    used 9719K, capacity 10546K, committed 10624K, reserved 1048576K
GC Heap History (10 events):
Event: 20.871 GC heap before
{Heap before GC invocations=19 (full 2):
 PSYoungGen      total 644608K, used 598016K [0x00000000d5f00000, 0x0000000100000000, 0x0000000100000000)
  eden space 598016K, 100% used [0x00000000d5f00000,0x00000000fa700000,0x00000000fa700000)
  from space 46592K, 0% used [0x00000000fd280000,0x00000000fd280000,0x0000000100000000)
  to   space 44544K, 0% used [0x00000000fa700000,0x00000000fa700000,0x00000000fd280000)
 ParOldGen       total 99840K, used 34069K [0x0000000081c00000, 0x0000000087d80000, 0x00000000d5f00000)
  object space 99840K, 34% used [0x0000000081c00000,0x0000000083d455f8,0x0000000087d80000)
 Metaspace       used 43199K, capacity 44766K, committed 45056K, reserved 1089536K
  class space    used 5179K, capacity 5526K, committed 5632K, reserved 1048576K
Event: 20.889 GC heap after
Heap after GC invocations=19 (full 2):
 PSYoungGen      total 642560K, used 26386K [0x00000000d5f00000, 0x00000000ffe00000, 0x0000000100000000)
  eden space 598016K, 0% used [0x00000000d5f00000,0x00000000d5f00000,0x00000000fa700000)
  from space 44544K, 59% used [0x00000000fa700000,0x00000000fc0c4a20,0x00000000fd280000)
  to   space 44544K, 0% used [0x00000000fd280000,0x00000000fd280000,0x00000000ffe00000)
 ParOldGen       total 99840K, used 34077K [0x0000000081c00000, 0x0000000087d80000, 0x00000000d5f00000)
  object space 99840K, 34% used [0x0000000081c00000,0x0000000083d475f8,0x0000000087d80000)
 Metaspace       used 43199K, capacity 44766K, committed 45056K, reserved 1089536K
  class space    used 5179K, capacity 5526K, committed 5632K, reserved 1048576K
}
Event: 26.035 GC heap before
{Heap before GC invocations=20 (full 2):
 PSYoungGen      total 642560K, used 624402K [0x00000000d5f00000, 0x00000000ffe00000, 0x0000000100000000)
  eden space 598016K, 100% used [0x00000000d5f00000,0x00000000fa700000,0x00000000fa700000)
  from space 44544K, 59% used [0x00000000fa700000,0x00000000fc0c4a20,0x00000000fd280000)
  to   space 44544K, 0% used [0x00000000fd280000,0x00000000fd280000,0x00000000ffe00000)
 ParOldGen       total 99840K, used 34077K [0x0000000081c00000, 0x0000000087d80000, 0x00000000d5f00000)
  object space 99840K, 34% used [0x0000000081c00000,0x0000000083d475f8,0x0000000087d80000)
 Metaspace       used 55739K, capacity 57808K, committed 57856K, reserved 1099776K
  class space    used 6705K, capacity 7147K, committed 7168K, reserved 1048576K
Event: 26.053 GC heap after
Heap after GC invocations=20 (full 2):
 PSYoungGen      total 642560K, used 19909K [0x00000000d5f00000, 0x00000000ffc00000, 0x0000000100000000)
  eden space 600064K, 0% used [0x00000000d5f00000,0x00000000d5f00000,0x00000000fa900000)
  from space 42496K, 46% used [0x00000000fd280000,0x00000000fe5f1548,0x00000000ffc00000)
  to   space 42496K, 0% used [0x00000000fa900000,0x00000000fa900000,0x00000000fd280000)
 ParOldGen       total 99840K, used 41009K [0x0000000081c00000, 0x0000000087d80000, 0x00000000d5f00000)
  object space 99840K, 41% used [0x0000000081c00000,0x000000008440c418,0x0000000087d80000)
 Metaspace       used 55739K, capacity 57808K, committed 57856K, reserved 1099776K
  class space    used 6705K, capacity 7147K, committed 7168K, reserved 1048576K
}
Event: 28.570 GC heap before
{Heap before GC invocations=21 (full 2):
 PSYoungGen      total 642560K, used 619973K [0x00000000d5f00000, 0x00000000ffc00000, 0x0000000100000000)
  eden space 600064K, 100% used [0x00000000d5f00000,0x00000000fa900000,0x00000000fa900000)
  from space 42496K, 46% used [0x00000000fd280000,0x00000000fe5f1548,0x00000000ffc00000)
  to   space 42496K, 0% used [0x00000000fa900000,0x00000000fa900000,0x00000000fd280000)
 ParOldGen       total 99840K, used 41009K [0x0000000081c00000, 0x0000000087d80000, 0x00000000d5f00000)
  object space 99840K, 41% used [0x0000000081c00000,0x000000008440c418,0x0000000087d80000)
 Metaspace       used 56910K, capacity 59079K, committed 59160K, reserved 1101824K
  class space    used 6775K, capacity 7215K, committed 7296K, reserved 1048576K
Event: 28.582 GC heap after
Heap after GC invocations=21 (full 2):
 PSYoungGen      total 642560K, used 11500K [0x00000000d5f00000, 0x00000000ffe00000, 0x0000000100000000)
  eden space 600064K, 0% used [0x00000000d5f00000,0x00000000d5f00000,0x00000000fa900000)
  from space 42496K, 27% used [0x00000000fa900000,0x00000000fb43b3a8,0x00000000fd280000)
  to   space 41472K, 0% used [0x00000000fd580000,0x00000000fd580000,0x00000000ffe00000)
 ParOldGen       total 99840K, used 51990K [0x0000000081c00000, 0x0000000087d80000, 0x00000000d5f00000)
  object space 99840K, 52% used [0x0000000081c00000,0x0000000084ec5bb8,0x0000000087d80000)
 Metaspace       used 56910K, capacity 59079K, committed 59160K, reserved 1101824K
  class space    used 6775K, capacity 7215K, committed 7296K, reserved 1048576K
}
Event: 28.582 GC heap before
{Heap before GC invocations=22 (full 3):
 PSYoungGen      total 642560K, used 11500K [0x00000000d5f00000, 0x00000000ffe00000, 0x0000000100000000)
  eden space 600064K, 0% used [0x00000000d5f00000,0x00000000d5f00000,0x00000000fa900000)
  from space 42496K, 27% used [0x00000000fa900000,0x00000000fb43b3a8,0x00000000fd280000)
  to   space 41472K, 0% used [0x00000000fd580000,0x00000000fd580000,0x00000000ffe00000)
 ParOldGen       total 99840K, used 51990K [0x0000000081c00000, 0x0000000087d80000, 0x00000000d5f00000)
  object space 99840K, 52% used [0x0000000081c00000,0x0000000084ec5bb8,0x0000000087d80000)
 Metaspace       used 56910K, capacity 59079K, committed 59160K, reserved 1101824K
  class space    used 6775K, capacity 7215K, committed 7296K, reserved 1048576K
Event: 28.715 GC heap after
Heap after GC invocations=22 (full 3):
 PSYoungGen      total 642560K, used 0K [0x00000000d5f00000, 0x00000000ffe00000, 0x0000000100000000)
  eden space 600064K, 0% used [0x00000000d5f00000,0x00000000d5f00000,0x00000000fa900000)
  from space 42496K, 0% used [0x00000000fa900000,0x00000000fa900000,0x00000000fd280000)
  to   space 41472K, 0% used [0x00000000fd580000,0x00000000fd580000,0x00000000ffe00000)
 ParOldGen       total 129536K, used 47366K [0x0000000081c00000, 0x0000000089a80000, 0x00000000d5f00000)
  object space 129536K, 36% used [0x0000000081c00000,0x0000000084a419e8,0x0000000089a80000)
 Metaspace       used 56910K, capacity 59079K, committed 59160K, reserved 1101824K
  class space    used 6775K, capacity 7215K, committed 7296K, reserved 1048576K
}
Event: 35.657 GC heap before
{Heap before GC invocations=23 (full 3):
 PSYoungGen      total 642560K, used 600064K [0x00000000d5f00000, 0x00000000ffe00000, 0x0000000100000000)
  eden space 600064K, 100% used [0x00000000d5f00000,0x00000000fa900000,0x00000000fa900000)
  from space 42496K, 0% used [0x00000000fa900000,0x00000000fa900000,0x00000000fd280000)
  to   space 41472K, 0% used [0x00000000fd580000,0x00000000fd580000,0x00000000ffe00000)
 ParOldGen       total 129536K, used 47366K [0x0000000081c00000, 0x0000000089a80000, 0x00000000d5f00000)
  object space 129536K, 36% used [0x0000000081c00000,0x0000000084a419e8,0x0000000089a80000)
 Metaspace       used 69413K, capacity 73805K, committed 73984K, reserved 1114112K
  class space    used 8331K, capacity 9118K, committed 9216K, reserved 1048576K
Event: 35.673 GC heap after
Heap after GC invocations=23 (full 3):
 PSYoungGen      total 644608K, used 21067K [0x00000000d5f00000, 0x00000000ffc00000, 0x0000000100000000)
  eden space 605184K, 0% used [0x00000000d5f00000,0x00000000d5f00000,0x00000000fae00000)
  from space 39424K, 53% used [0x00000000fd580000,0x00000000fea12c80,0x00000000ffc00000)
  to   space 39936K, 0% used [0x00000000fae00000,0x00000000fae00000,0x00000000fd500000)
 ParOldGen       total 129536K, used 47374K [0x0000000081c00000, 0x0000000089a80000, 0x00000000d5f00000)
  object space 129536K, 36% used [0x0000000081c00000,0x0000000084a439e8,0x0000000089a80000)
 Metaspace       used 69413K, capacity 73805K, committed 73984K, reserved 1114112K
  class space    used 8331K, capacity 9118K, committed 9216K, reserved 1048576K
}

