# JRE version: Java(TM) SE Runtime Environment (8.0_171-b11) (build 1.8.0_171-b11)
# Java VM: Java HotSpot(TM) 64-Bit Server VM (25.171-b11 mixed mode windows-amd64 compressed oops)
Heap:
 PSYoungGen      total 640000K, used 134698K [0x00000000d5f00000, 0x0000000100000000, 0x0000000100000000)
  eden space 588800K, 22% used [0x00000000d5f00000,0x00000000de28a828,0x00000000f9e00000)
  from space 51200K, 0% used [0x00000000fce00000,0x00000000fce00000,0x0000000100000000)
  to   space 49152K, 0% used [0x00000000f9e00000,0x00000000f9e00000,0x00000000fce00000)
 ParOldGen       total 114176K, used 35513K [0x0000000081c00000, 0x0000000088b80000, 0x00000000d5f00000)
  object space 114176K, 31% used [0x0000000081c00000,0x0000000083eae640,0x0000000088b80000)
 Metaspace       used 36280K, capacity 37476K, committed 37632K, reserved 1083392K
  class space    used 4317K, capacity 4596K, committed 4608K, reserved 1048576K
GC Heap History (10 events):
Event: 28.764 GC heap before
{Heap before GC invocations=14 (full 0):
 PSYoungGen      total 362496K, used 362495K [0x00000000d5f00000, 0x00000000fb380000, 0x0000000100000000)
  eden space 329728K, 100% used [0x00000000d5f00000,0x00000000ea100000,0x00000000ea100000)
  from space 32768K, 99% used [0x00000000ea100000,0x00000000ec0ffc08,0x00000000ec100000)
  to   space 41472K, 0% used [0x00000000f8b00000,0x00000000f8b00000,0x00000000fb380000)
 ParOldGen       total 87552K, used 55849K [0x0000000081c00000, 0x0000000087180000, 0x00000000d5f00000)
  object space 87552K, 63% used [0x0000000081c00000,0x000000008528a460,0x0000000087180000)
 Metaspace       used 20306K, capacity 20826K, committed 21120K, reserved 1069056K
  class space    used 2214K, capacity 2356K, committed 2432K, reserved 1048576K
Event: 28.798 GC heap after
Heap after GC invocations=14 (full 0):
 PSYoungGen      total 563712K, used 37763K [0x00000000d5f00000, 0x00000000fbe80000, 0x0000000100000000)
  eden space 522240K, 0% used [0x00000000d5f00000,0x00000000d5f00000,0x00000000f5d00000)
  from space 41472K, 91% used [0x00000000f8b00000,0x00000000fafe0c10,0x00000000fb380000)
  to   space 47104K, 0% used [0x00000000f5d00000,0x00000000f5d00000,0x00000000f8b00000)
 ParOldGen       total 87552K, used 60121K [0x0000000081c00000, 0x0000000087180000, 0x00000000d5f00000)
  object space 87552K, 68% used [0x0000000081c00000,0x00000000856b66c0,0x0000000087180000)
 Metaspace       used 20306K, capacity 20826K, committed 21120K, reserved 1069056K
  class space    used 2214K, capacity 2356K, committed 2432K, reserved 1048576K
}
Event: 30.255 GC heap before
{Heap before GC invocations=15 (full 0):
 PSYoungGen      total 563712K, used 379145K [0x00000000d5f00000, 0x00000000fbe80000, 0x0000000100000000)
  eden space 522240K, 65% used [0x00000000d5f00000,0x00000000eac61b90,0x00000000f5d00000)
  from space 41472K, 91% used [0x00000000f8b00000,0x00000000fafe0c10,0x00000000fb380000)
  to   space 47104K, 0% used [0x00000000f5d00000,0x00000000f5d00000,0x00000000f8b00000)
 ParOldGen       total 87552K, used 60121K [0x0000000081c00000, 0x0000000087180000, 0x00000000d5f00000)
  object space 87552K, 68% used [0x0000000081c00000,0x00000000856b66c0,0x0000000087180000)
 Metaspace       used 20654K, capacity 21146K, committed 21296K, reserved 1069056K
  class space    used 2249K, capacity 2420K, committed 2432K, reserved 1048576K
Event: 30.291 GC heap after
Heap after GC invocations=15 (full 0):
 PSYoungGen      total 569344K, used 38601K [0x00000000d5f00000, 0x0000000100000000, 0x0000000100000000)
  eden space 522240K, 0% used [0x00000000d5f00000,0x00000000d5f00000,0x00000000f5d00000)
  from space 47104K, 81% used [0x00000000f5d00000,0x00000000f82b25d0,0x00000000f8b00000)
  to   space 51200K, 0% used [0x00000000fce00000,0x00000000fce00000,0x0000000100000000)
 ParOldGen       total 87552K, used 61361K [0x0000000081c00000, 0x0000000087180000, 0x00000000d5f00000)
  object space 87552K, 70% used [0x0000000081c00000,0x00000000857ec6c0,0x0000000087180000)
 Metaspace       used 20654K, capacity 21146K, committed 21296K, reserved 1069056K
  class space    used 2249K, capacity 2420K, committed 2432K, reserved 1048576K
}
Event: 30.291 GC heap before
{Heap before GC invocations=16 (full 1):
 PSYoungGen      total 569344K, used 38601K [0x00000000d5f00000, 0x0000000100000000, 0x0000000100000000)
  eden space 522240K, 0% used [0x00000000d5f00000,0x00000000d5f00000,0x00000000f5d00000)
  from space 47104K, 81% used [0x00000000f5d00000,0x00000000f82b25d0,0x00000000f8b00000)
  to   space 51200K, 0% used [0x00000000fce00000,0x00000000fce00000,0x0000000100000000)
 ParOldGen       total 87552K, used 61361K [0x0000000081c00000, 0x0000000087180000, 0x00000000d5f00000)
  object space 87552K, 70% used [0x0000000081c00000,0x00000000857ec6c0,0x0000000087180000)
 Metaspace       used 20654K, capacity 21146K, committed 21296K, reserved 1069056K
  class space    used 2249K, capacity 2420K, committed 2432K, reserved 1048576K
Event: 30.349 GC heap after
Heap after GC invocations=16 (full 1):
 PSYoungGen      total 569344K, used 0K [0x00000000d5f00000, 0x0000000100000000, 0x0000000100000000)
  eden space 522240K, 0% used [0x00000000d5f00000,0x00000000d5f00000,0x00000000f5d00000)
  from space 47104K, 0% used [0x00000000f5d00000,0x00000000f5d00000,0x00000000f8b00000)
  to   space 51200K, 0% used [0x00000000fce00000,0x00000000fce00000,0x0000000100000000)
 ParOldGen       total 106496K, used 59011K [0x0000000081c00000, 0x0000000088400000, 0x00000000d5f00000)
  object space 106496K, 55% used [0x0000000081c00000,0x00000000855a0e08,0x0000000088400000)
 Metaspace       used 20654K, capacity 21146K, committed 21296K, reserved 1069056K
  class space    used 2249K, capacity 2420K, committed 2432K, reserved 1048576K
}
Event: 33.983 GC heap before
{Heap before GC invocations=17 (full 1):
 PSYoungGen      total 569344K, used 491133K [0x00000000d5f00000, 0x0000000100000000, 0x0000000100000000)
  eden space 522240K, 94% used [0x00000000d5f00000,0x00000000f3e9f580,0x00000000f5d00000)
  from space 47104K, 0% used [0x00000000f5d00000,0x00000000f5d00000,0x00000000f8b00000)
  to   space 51200K, 0% used [0x00000000fce00000,0x00000000fce00000,0x0000000100000000)
 ParOldGen       total 106496K, used 59011K [0x0000000081c00000, 0x0000000088400000, 0x00000000d5f00000)
  object space 106496K, 55% used [0x0000000081c00000,0x00000000855a0e08,0x0000000088400000)
 Metaspace       used 34347K, capacity 35444K, committed 35496K, reserved 1081344K
  class space    used 4051K, capacity 4342K, committed 4352K, reserved 1048576K
Event: 34.024 GC heap after
Heap after GC invocations=17 (full 1):
 PSYoungGen      total 640000K, used 15439K [0x00000000d5f00000, 0x0000000100000000, 0x0000000100000000)
  eden space 588800K, 0% used [0x00000000d5f00000,0x00000000d5f00000,0x00000000f9e00000)
  from space 51200K, 30% used [0x00000000fce00000,0x00000000fdd13e50,0x0000000100000000)
  to   space 49152K, 0% used [0x00000000f9e00000,0x00000000f9e00000,0x00000000fce00000)
 ParOldGen       total 106496K, used 59019K [0x0000000081c00000, 0x0000000088400000, 0x00000000d5f00000)
  object space 106496K, 55% used [0x0000000081c00000,0x00000000855a2e08,0x0000000088400000)
 Metaspace       used 34347K, capacity 35444K, committed 35496K, reserved 1081344K
  class space    used 4051K, capacity 4342K, committed 4352K, reserved 1048576K
}
Event: 34.024 GC heap before
{Heap before GC invocations=18 (full 2):
 PSYoungGen      total 640000K, used 15439K [0x00000000d5f00000, 0x0000000100000000, 0x0000000100000000)
  eden space 588800K, 0% used [0x00000000d5f00000,0x00000000d5f00000,0x00000000f9e00000)
  from space 51200K, 30% used [0x00000000fce00000,0x00000000fdd13e50,0x0000000100000000)
  to   space 49152K, 0% used [0x00000000f9e00000,0x00000000f9e00000,0x00000000fce00000)
 ParOldGen       total 106496K, used 59019K [0x0000000081c00000, 0x0000000088400000, 0x00000000d5f00000)
  object space 106496K, 55% used [0x0000000081c00000,0x00000000855a2e08,0x0000000088400000)
 Metaspace       used 34347K, capacity 35444K, committed 35496K, reserved 1081344K
  class space    used 4051K, capacity 4342K, committed 4352K, reserved 1048576K
Event: 34.679 GC heap after
Heap after GC invocations=18 (full 2):
 PSYoungGen      total 640000K, used 0K [0x00000000d5f00000, 0x0000000100000000, 0x0000000100000000)
  eden space 588800K, 0% used [0x00000000d5f00000,0x00000000d5f00000,0x00000000f9e00000)
  from space 51200K, 0% used [0x00000000fce00000,0x00000000fce00000,0x0000000100000000)
  to   space 49152K, 0% used [0x00000000f9e00000,0x00000000f9e00000,0x00000000fce00000)
 ParOldGen       total 114176K, used 35513K [0x0000000081c00000, 0x0000000088b80000, 0x00000000d5f00000)
  object space 114176K, 31% used [0x0000000081c00000,0x0000000083eae640,0x0000000088b80000)
 Metaspace       used 34347K, capacity 35444K, committed 35496K, reserved 1081344K
  class space    used 4051K, capacity 4342K, committed 4352K, reserved 1048576K
}

