# JRE version: Java(TM) SE Runtime Environment (8.0_171-b11) (build 1.8.0_171-b11)
# Java VM: Java HotSpot(TM) 64-Bit Server VM (25.171-b11 mixed mode windows-amd64 compressed oops)
Heap:
 PSYoungGen      total 643584K, used 228770K [0x00000000d5f00000, 0x00000000ffc80000, 0x0000000100000000)
  eden space 605696K, 34% used [0x00000000d5f00000,0x00000000e29da7b8,0x00000000fae80000)
  from space 37888K, 55% used [0x00000000fd780000,0x00000000fec0e220,0x00000000ffc80000)
  to   space 39936K, 0% used [0x00000000fae80000,0x00000000fae80000,0x00000000fd580000)
 ParOldGen       total 129536K, used 47417K [0x0000000081c00000, 0x0000000089a80000, 0x00000000d5f00000)
  object space 129536K, 36% used [0x0000000081c00000,0x0000000084a4e538,0x0000000089a80000)
 Metaspace       used 75756K, capacity 80402K, committed 80640K, reserved 1120256K
  class space    used 9076K, capacity 9900K, committed 9984K, reserved 1048576K
GC Heap History (10 events):
Event: 22.536 GC heap before
{Heap before GC invocations=19 (full 2):
 PSYoungGen      total 643584K, used 598528K [0x00000000d5f00000, 0x00000000fff00000, 0x0000000100000000)
  eden space 598528K, 100% used [0x00000000d5f00000,0x00000000fa780000,0x00000000fa780000)
  from space 45056K, 0% used [0x00000000fd300000,0x00000000fd300000,0x00000000fff00000)
  to   space 44544K, 0% used [0x00000000fa780000,0x00000000fa780000,0x00000000fd300000)
 ParOldGen       total 98816K, used 33929K [0x0000000081c00000, 0x0000000087c80000, 0x00000000d5f00000)
  object space 98816K, 34% used [0x0000000081c00000,0x0000000083d226f8,0x0000000087c80000)
 Metaspace       used 43228K, capacity 44770K, committed 45056K, reserved 1089536K
  class space    used 5187K, capacity 5526K, committed 5632K, reserved 1048576K
Event: 22.556 GC heap after
Heap after GC invocations=19 (full 2):
 PSYoungGen      total 643072K, used 26421K [0x00000000d5f00000, 0x00000000fff80000, 0x0000000100000000)
  eden space 598528K, 0% used [0x00000000d5f00000,0x00000000d5f00000,0x00000000fa780000)
  from space 44544K, 59% used [0x00000000fa780000,0x00000000fc14d568,0x00000000fd300000)
  to   space 44544K, 0% used [0x00000000fd400000,0x00000000fd400000,0x00000000fff80000)
 ParOldGen       total 98816K, used 33937K [0x0000000081c00000, 0x0000000087c80000, 0x00000000d5f00000)
  object space 98816K, 34% used [0x0000000081c00000,0x0000000083d246f8,0x0000000087c80000)
 Metaspace       used 43228K, capacity 44770K, committed 45056K, reserved 1089536K
  class space    used 5187K, capacity 5526K, committed 5632K, reserved 1048576K
}
Event: 28.355 GC heap before
{Heap before GC invocations=20 (full 2):
 PSYoungGen      total 643072K, used 624949K [0x00000000d5f00000, 0x00000000fff80000, 0x0000000100000000)
  eden space 598528K, 100% used [0x00000000d5f00000,0x00000000fa780000,0x00000000fa780000)
  from space 44544K, 59% used [0x00000000fa780000,0x00000000fc14d568,0x00000000fd300000)
  to   space 44544K, 0% used [0x00000000fd400000,0x00000000fd400000,0x00000000fff80000)
 ParOldGen       total 98816K, used 33937K [0x0000000081c00000, 0x0000000087c80000, 0x00000000d5f00000)
  object space 98816K, 34% used [0x0000000081c00000,0x0000000083d246f8,0x0000000087c80000)
 Metaspace       used 55662K, capacity 57684K, committed 57856K, reserved 1099776K
  class space    used 6703K, capacity 7147K, committed 7168K, reserved 1048576K
Event: 28.378 GC heap after
Heap after GC invocations=20 (full 2):
 PSYoungGen      total 640000K, used 19885K [0x00000000d5f00000, 0x00000000ffb00000, 0x0000000100000000)
  eden space 600064K, 0% used [0x00000000d5f00000,0x00000000d5f00000,0x00000000fa900000)
  from space 39936K, 49% used [0x00000000fd400000,0x00000000fe76b748,0x00000000ffb00000)
  to   space 41984K, 0% used [0x00000000fa900000,0x00000000fa900000,0x00000000fd200000)
 ParOldGen       total 98816K, used 40886K [0x0000000081c00000, 0x0000000087c80000, 0x00000000d5f00000)
  object space 98816K, 41% used [0x0000000081c00000,0x00000000843eda28,0x0000000087c80000)
 Metaspace       used 55662K, capacity 57684K, committed 57856K, reserved 1099776K
  class space    used 6703K, capacity 7147K, committed 7168K, reserved 1048576K
}
Event: 31.309 GC heap before
{Heap before GC invocations=21 (full 2):
 PSYoungGen      total 640000K, used 619949K [0x00000000d5f00000, 0x00000000ffb00000, 0x0000000100000000)
  eden space 600064K, 100% used [0x00000000d5f00000,0x00000000fa900000,0x00000000fa900000)
  from space 39936K, 49% used [0x00000000fd400000,0x00000000fe76b748,0x00000000ffb00000)
  to   space 41984K, 0% used [0x00000000fa900000,0x00000000fa900000,0x00000000fd200000)
 ParOldGen       total 98816K, used 40886K [0x0000000081c00000, 0x0000000087c80000, 0x00000000d5f00000)
  object space 98816K, 41% used [0x0000000081c00000,0x00000000843eda28,0x0000000087c80000)
 Metaspace       used 56913K, capacity 59018K, committed 59160K, reserved 1101824K
  class space    used 6775K, capacity 7214K, committed 7296K, reserved 1048576K
Event: 31.325 GC heap after
Heap after GC invocations=21 (full 2):
 PSYoungGen      total 642048K, used 11548K [0x00000000d5f00000, 0x0000000100000000, 0x0000000100000000)
  eden space 600064K, 0% used [0x00000000d5f00000,0x00000000d5f00000,0x00000000fa900000)
  from space 41984K, 27% used [0x00000000fa900000,0x00000000fb4473c8,0x00000000fd200000)
  to   space 41472K, 0% used [0x00000000fd780000,0x00000000fd780000,0x0000000100000000)
 ParOldGen       total 98816K, used 51876K [0x0000000081c00000, 0x0000000087c80000, 0x00000000d5f00000)
  object space 98816K, 52% used [0x0000000081c00000,0x0000000084ea9100,0x0000000087c80000)
 Metaspace       used 56913K, capacity 59018K, committed 59160K, reserved 1101824K
  class space    used 6775K, capacity 7214K, committed 7296K, reserved 1048576K
}
Event: 31.325 GC heap before
{Heap before GC invocations=22 (full 3):
 PSYoungGen      total 642048K, used 11548K [0x00000000d5f00000, 0x0000000100000000, 0x0000000100000000)
  eden space 600064K, 0% used [0x00000000d5f00000,0x00000000d5f00000,0x00000000fa900000)
  from space 41984K, 27% used [0x00000000fa900000,0x00000000fb4473c8,0x00000000fd200000)
  to   space 41472K, 0% used [0x00000000fd780000,0x00000000fd780000,0x0000000100000000)
 ParOldGen       total 98816K, used 51876K [0x0000000081c00000, 0x0000000087c80000, 0x00000000d5f00000)
  object space 98816K, 52% used [0x0000000081c00000,0x0000000084ea9100,0x0000000087c80000)
 Metaspace       used 56913K, capacity 59018K, committed 59160K, reserved 1101824K
  class space    used 6775K, capacity 7214K, committed 7296K, reserved 1048576K
Event: 31.448 GC heap after
Heap after GC invocations=22 (full 3):
 PSYoungGen      total 642048K, used 0K [0x00000000d5f00000, 0x0000000100000000, 0x0000000100000000)
  eden space 600064K, 0% used [0x00000000d5f00000,0x00000000d5f00000,0x00000000fa900000)
  from space 41984K, 0% used [0x00000000fa900000,0x00000000fa900000,0x00000000fd200000)
  to   space 41472K, 0% used [0x00000000fd780000,0x00000000fd780000,0x0000000100000000)
 ParOldGen       total 129536K, used 47409K [0x0000000081c00000, 0x0000000089a80000, 0x00000000d5f00000)
  object space 129536K, 36% used [0x0000000081c00000,0x0000000084a4c538,0x0000000089a80000)
 Metaspace       used 56913K, capacity 59018K, committed 59160K, reserved 1101824K
  class space    used 6775K, capacity 7214K, committed 7296K, reserved 1048576K
}
Event: 38.924 GC heap before
{Heap before GC invocations=23 (full 3):
 PSYoungGen      total 642048K, used 600064K [0x00000000d5f00000, 0x0000000100000000, 0x0000000100000000)
  eden space 600064K, 100% used [0x00000000d5f00000,0x00000000fa900000,0x00000000fa900000)
  from space 41984K, 0% used [0x00000000fa900000,0x00000000fa900000,0x00000000fd200000)
  to   space 41472K, 0% used [0x00000000fd780000,0x00000000fd780000,0x0000000100000000)
 ParOldGen       total 129536K, used 47409K [0x0000000081c00000, 0x0000000089a80000, 0x00000000d5f00000)
  object space 129536K, 36% used [0x0000000081c00000,0x0000000084a4c538,0x0000000089a80000)
 Metaspace       used 69465K, capacity 73808K, committed 73984K, reserved 1114112K
  class space    used 8333K, capacity 9119K, committed 9216K, reserved 1048576K
Event: 38.942 GC heap after
Heap after GC invocations=23 (full 3):
 PSYoungGen      total 643584K, used 21048K [0x00000000d5f00000, 0x00000000ffc80000, 0x0000000100000000)
  eden space 605696K, 0% used [0x00000000d5f00000,0x00000000d5f00000,0x00000000fae80000)
  from space 37888K, 55% used [0x00000000fd780000,0x00000000fec0e220,0x00000000ffc80000)
  to   space 39936K, 0% used [0x00000000fae80000,0x00000000fae80000,0x00000000fd580000)
 ParOldGen       total 129536K, used 47417K [0x0000000081c00000, 0x0000000089a80000, 0x00000000d5f00000)
  object space 129536K, 36% used [0x0000000081c00000,0x0000000084a4e538,0x0000000089a80000)
 Metaspace       used 69465K, capacity 73808K, committed 73984K, reserved 1114112K
  class space    used 8333K, capacity 9119K, committed 9216K, reserved 1048576K
}

