# JRE version: Java(TM) SE Runtime Environment (8.0_171-b11) (build 1.8.0_171-b11)
# Java VM: Java HotSpot(TM) 64-Bit Server VM (25.171-b11 mixed mode windows-amd64 compressed oops)
Heap:
 PSYoungGen      total 634880K, used 49972K [0x00000000d5f00000, 0x00000000ffc80000, 0x0000000100000000)
  eden space 587264K, 6% used [0x00000000d5f00000,0x00000000d83032e8,0x00000000f9c80000)
  from space 47616K, 27% used [0x00000000fce00000,0x00000000fdac9ec8,0x00000000ffc80000)
  to   space 49152K, 0% used [0x00000000f9c80000,0x00000000f9c80000,0x00000000fcc80000)
 ParOldGen       total 107008K, used 36559K [0x0000000081c00000, 0x0000000088480000, 0x00000000d5f00000)
  object space 107008K, 34% used [0x0000000081c00000,0x0000000083fb3ee0,0x0000000088480000)
 Metaspace       used 58757K, capacity 60932K, committed 61184K, reserved 1103872K
  class space    used 6928K, capacity 7372K, committed 7424K, reserved 1048576K
GC Heap History (10 events):
Event: 32.984 GC heap before
{Heap before GC invocations=17 (full 2):
 PSYoungGen      total 630784K, used 578048K [0x00000000d5f00000, 0x00000000ffe80000, 0x0000000100000000)
  eden space 578048K, 100% used [0x00000000d5f00000,0x00000000f9380000,0x00000000f9380000)
  from space 52736K, 0% used [0x00000000fcb00000,0x00000000fcb00000,0x00000000ffe80000)
  to   space 54784K, 0% used [0x00000000f9380000,0x00000000f9380000,0x00000000fc900000)
 ParOldGen       total 86528K, used 23552K [0x0000000081c00000, 0x0000000087080000, 0x00000000d5f00000)
  object space 86528K, 27% used [0x0000000081c00000,0x0000000083300010,0x0000000087080000)
 Metaspace       used 42641K, capacity 44190K, committed 44416K, reserved 1087488K
  class space    used 5092K, capacity 5423K, committed 5504K, reserved 1048576K
Event: 33.013 GC heap after
Heap after GC invocations=17 (full 2):
 PSYoungGen      total 632832K, used 26136K [0x00000000d5f00000, 0x00000000fff00000, 0x0000000100000000)
  eden space 578048K, 0% used [0x00000000d5f00000,0x00000000d5f00000,0x00000000f9380000)
  from space 54784K, 47% used [0x00000000f9380000,0x00000000fad063d0,0x00000000fc900000)
  to   space 53248K, 0% used [0x00000000fcb00000,0x00000000fcb00000,0x00000000fff00000)
 ParOldGen       total 86528K, used 23560K [0x0000000081c00000, 0x0000000087080000, 0x00000000d5f00000)
  object space 86528K, 27% used [0x0000000081c00000,0x0000000083302010,0x0000000087080000)
 Metaspace       used 42641K, capacity 44190K, committed 44416K, reserved 1087488K
  class space    used 5092K, capacity 5423K, committed 5504K, reserved 1048576K
}
Event: 39.889 GC heap before
{Heap before GC invocations=18 (full 2):
 PSYoungGen      total 632832K, used 604184K [0x00000000d5f00000, 0x00000000fff00000, 0x0000000100000000)
  eden space 578048K, 100% used [0x00000000d5f00000,0x00000000f9380000,0x00000000f9380000)
  from space 54784K, 47% used [0x00000000f9380000,0x00000000fad063d0,0x00000000fc900000)
  to   space 53248K, 0% used [0x00000000fcb00000,0x00000000fcb00000,0x00000000fff00000)
 ParOldGen       total 86528K, used 23560K [0x0000000081c00000, 0x0000000087080000, 0x00000000d5f00000)
  object space 86528K, 27% used [0x0000000081c00000,0x0000000083302010,0x0000000087080000)
 Metaspace       used 54970K, capacity 56928K, committed 57216K, reserved 1099776K
  class space    used 6599K, capacity 6996K, committed 7040K, reserved 1048576K
Event: 39.950 GC heap after
Heap after GC invocations=18 (full 2):
 PSYoungGen      total 628736K, used 19768K [0x00000000d5f00000, 0x00000000ff980000, 0x0000000100000000)
  eden space 581120K, 0% used [0x00000000d5f00000,0x00000000d5f00000,0x00000000f9680000)
  from space 47616K, 41% used [0x00000000fcb00000,0x00000000fde4e298,0x00000000ff980000)
  to   space 50688K, 0% used [0x00000000f9680000,0x00000000f9680000,0x00000000fc800000)
 ParOldGen       total 86528K, used 30160K [0x0000000081c00000, 0x0000000087080000, 0x00000000d5f00000)
  object space 86528K, 34% used [0x0000000081c00000,0x0000000083974100,0x0000000087080000)
 Metaspace       used 54970K, capacity 56928K, committed 57216K, reserved 1099776K
  class space    used 6599K, capacity 6996K, committed 7040K, reserved 1048576K
}
Event: 40.536 GC heap before
{Heap before GC invocations=19 (full 2):
 PSYoungGen      total 628736K, used 64927K [0x00000000d5f00000, 0x00000000ff980000, 0x0000000100000000)
  eden space 581120K, 7% used [0x00000000d5f00000,0x00000000d8b19be8,0x00000000f9680000)
  from space 47616K, 41% used [0x00000000fcb00000,0x00000000fde4e298,0x00000000ff980000)
  to   space 50688K, 0% used [0x00000000f9680000,0x00000000f9680000,0x00000000fc800000)
 ParOldGen       total 86528K, used 30160K [0x0000000081c00000, 0x0000000087080000, 0x00000000d5f00000)
  object space 86528K, 34% used [0x0000000081c00000,0x0000000083974100,0x0000000087080000)
 Metaspace       used 55187K, capacity 57162K, committed 57216K, reserved 1099776K
  class space    used 6611K, capacity 7003K, committed 7040K, reserved 1048576K
Event: 40.543 GC heap after
Heap after GC invocations=19 (full 2):
 PSYoungGen      total 631808K, used 1344K [0x00000000d5f00000, 0x0000000100000000, 0x0000000100000000)
  eden space 581120K, 0% used [0x00000000d5f00000,0x00000000d5f00000,0x00000000f9680000)
  from space 50688K, 2% used [0x00000000f9680000,0x00000000f97d00e0,0x00000000fc800000)
  to   space 51200K, 0% used [0x00000000fce00000,0x00000000fce00000,0x0000000100000000)
 ParOldGen       total 86528K, used 40946K [0x0000000081c00000, 0x0000000087080000, 0x00000000d5f00000)
  object space 86528K, 47% used [0x0000000081c00000,0x00000000843fc8d0,0x0000000087080000)
 Metaspace       used 55187K, capacity 57162K, committed 57216K, reserved 1099776K
  class space    used 6611K, capacity 7003K, committed 7040K, reserved 1048576K
}
Event: 40.543 GC heap before
{Heap before GC invocations=20 (full 3):
 PSYoungGen      total 631808K, used 1344K [0x00000000d5f00000, 0x0000000100000000, 0x0000000100000000)
  eden space 581120K, 0% used [0x00000000d5f00000,0x00000000d5f00000,0x00000000f9680000)
  from space 50688K, 2% used [0x00000000f9680000,0x00000000f97d00e0,0x00000000fc800000)
  to   space 51200K, 0% used [0x00000000fce00000,0x00000000fce00000,0x0000000100000000)
 ParOldGen       total 86528K, used 40946K [0x0000000081c00000, 0x0000000087080000, 0x00000000d5f00000)
  object space 86528K, 47% used [0x0000000081c00000,0x00000000843fc8d0,0x0000000087080000)
 Metaspace       used 55187K, capacity 57162K, committed 57216K, reserved 1099776K
  class space    used 6611K, capacity 7003K, committed 7040K, reserved 1048576K
Event: 40.694 GC heap after
Heap after GC invocations=20 (full 3):
 PSYoungGen      total 631808K, used 0K [0x00000000d5f00000, 0x0000000100000000, 0x0000000100000000)
  eden space 581120K, 0% used [0x00000000d5f00000,0x00000000d5f00000,0x00000000f9680000)
  from space 50688K, 0% used [0x00000000f9680000,0x00000000f9680000,0x00000000fc800000)
  to   space 51200K, 0% used [0x00000000fce00000,0x00000000fce00000,0x0000000100000000)
 ParOldGen       total 107008K, used 36551K [0x0000000081c00000, 0x0000000088480000, 0x00000000d5f00000)
  object space 107008K, 34% used [0x0000000081c00000,0x0000000083fb1ee0,0x0000000088480000)
 Metaspace       used 55187K, capacity 57162K, committed 57216K, reserved 1099776K
  class space    used 6611K, capacity 7003K, committed 7040K, reserved 1048576K
}
Event: 43.858 GC heap before
{Heap before GC invocations=21 (full 3):
 PSYoungGen      total 631808K, used 581120K [0x00000000d5f00000, 0x0000000100000000, 0x0000000100000000)
  eden space 581120K, 100% used [0x00000000d5f00000,0x00000000f9680000,0x00000000f9680000)
  from space 50688K, 0% used [0x00000000f9680000,0x00000000f9680000,0x00000000fc800000)
  to   space 51200K, 0% used [0x00000000fce00000,0x00000000fce00000,0x0000000100000000)
 ParOldGen       total 107008K, used 36551K [0x0000000081c00000, 0x0000000088480000, 0x00000000d5f00000)
  object space 107008K, 34% used [0x0000000081c00000,0x0000000083fb1ee0,0x0000000088480000)
 Metaspace       used 58011K, capacity 60194K, committed 60416K, reserved 1101824K
  class space    used 6870K, capacity 7327K, committed 7424K, reserved 1048576K
Event: 43.876 GC heap after
Heap after GC invocations=21 (full 3):
 PSYoungGen      total 634880K, used 13095K [0x00000000d5f00000, 0x00000000ffc80000, 0x0000000100000000)
  eden space 587264K, 0% used [0x00000000d5f00000,0x00000000d5f00000,0x00000000f9c80000)
  from space 47616K, 27% used [0x00000000fce00000,0x00000000fdac9ec8,0x00000000ffc80000)
  to   space 49152K, 0% used [0x00000000f9c80000,0x00000000f9c80000,0x00000000fcc80000)
 ParOldGen       total 107008K, used 36559K [0x0000000081c00000, 0x0000000088480000, 0x00000000d5f00000)
  object space 107008K, 34% used [0x0000000081c00000,0x0000000083fb3ee0,0x0000000088480000)
 Metaspace       used 58011K, capacity 60194K, committed 60416K, reserved 1101824K
  class space    used 6870K, capacity 7327K, committed 7424K, reserved 1048576K
}

