# JRE version: Java(TM) SE Runtime Environment (8.0_171-b11) (build 1.8.0_171-b11)
# Java VM: Java HotSpot(TM) 64-Bit Server VM (25.171-b11 mixed mode windows-amd64 compressed oops)
Heap:
 PSYoungGen      total 645120K, used 350753K [0x00000000d5f00000, 0x00000000ffc00000, 0x0000000100000000)
  eden space 605184K, 57% used [0x00000000d5f00000,0x00000000eb5885f8,0x00000000fae00000)
  from space 39936K, 0% used [0x00000000fd500000,0x00000000fd500000,0x00000000ffc00000)
  to   space 39936K, 0% used [0x00000000fae00000,0x00000000fae00000,0x00000000fd500000)
 ParOldGen       total 126976K, used 47448K [0x0000000081c00000, 0x0000000089800000, 0x00000000d5f00000)
  object space 126976K, 37% used [0x0000000081c00000,0x0000000084a56330,0x0000000089800000)
 Metaspace       used 64939K, capacity 67558K, committed 67840K, reserved 1110016K
  class space    used 7631K, capacity 8162K, committed 8192K, reserved 1048576K
GC Heap History (10 events):
Event: 21.541 GC heap before
{Heap before GC invocations=21 (full 2):
 PSYoungGen      total 642560K, used 15634K [0x00000000d5f00000, 0x00000000ffc00000, 0x0000000100000000)
  eden space 598016K, 0% used [0x00000000d5f00000,0x00000000d5f00000,0x00000000fa700000)
  from space 44544K, 35% used [0x00000000fa700000,0x00000000fb644870,0x00000000fd280000)
  to   space 41984K, 0% used [0x00000000fd300000,0x00000000fd300000,0x00000000ffc00000)
 ParOldGen       total 76288K, used 27701K [0x0000000081c00000, 0x0000000086680000, 0x00000000d5f00000)
  object space 76288K, 36% used [0x0000000081c00000,0x000000008370d650,0x0000000086680000)
 Metaspace       used 34247K, capacity 35352K, committed 35496K, reserved 1081344K
  class space    used 4059K, capacity 4352K, committed 4352K, reserved 1048576K
Event: 21.616 GC heap after
Heap after GC invocations=21 (full 2):
 PSYoungGen      total 642560K, used 0K [0x00000000d5f00000, 0x00000000ffc00000, 0x0000000100000000)
  eden space 598016K, 0% used [0x00000000d5f00000,0x00000000d5f00000,0x00000000fa700000)
  from space 44544K, 0% used [0x00000000fa700000,0x00000000fa700000,0x00000000fd280000)
  to   space 41984K, 0% used [0x00000000fd300000,0x00000000fd300000,0x00000000ffc00000)
 ParOldGen       total 91136K, used 29657K [0x0000000081c00000, 0x0000000087500000, 0x00000000d5f00000)
  object space 91136K, 32% used [0x0000000081c00000,0x00000000838f67f0,0x0000000087500000)
 Metaspace       used 34247K, capacity 35352K, committed 35496K, reserved 1081344K
  class space    used 4059K, capacity 4352K, committed 4352K, reserved 1048576K
}
Event: 26.430 GC heap before
{Heap before GC invocations=22 (full 2):
 PSYoungGen      total 642560K, used 598016K [0x00000000d5f00000, 0x00000000ffc00000, 0x0000000100000000)
  eden space 598016K, 100% used [0x00000000d5f00000,0x00000000fa700000,0x00000000fa700000)
  from space 44544K, 0% used [0x00000000fa700000,0x00000000fa700000,0x00000000fd280000)
  to   space 41984K, 0% used [0x00000000fd300000,0x00000000fd300000,0x00000000ffc00000)
 ParOldGen       total 91136K, used 29657K [0x0000000081c00000, 0x0000000087500000, 0x00000000d5f00000)
  object space 91136K, 32% used [0x0000000081c00000,0x00000000838f67f0,0x0000000087500000)
 Metaspace       used 43173K, capacity 44766K, committed 45056K, reserved 1089536K
  class space    used 5181K, capacity 5526K, committed 5632K, reserved 1048576K
Event: 26.450 GC heap after
Heap after GC invocations=22 (full 2):
 PSYoungGen      total 642048K, used 26436K [0x00000000d5f00000, 0x00000000fff80000, 0x0000000100000000)
  eden space 600064K, 0% used [0x00000000d5f00000,0x00000000d5f00000,0x00000000fa900000)
  from space 41984K, 62% used [0x00000000fd300000,0x00000000fecd10e0,0x00000000ffc00000)
  to   space 43008K, 0% used [0x00000000fa900000,0x00000000fa900000,0x00000000fd300000)
 ParOldGen       total 91136K, used 29665K [0x0000000081c00000, 0x0000000087500000, 0x00000000d5f00000)
  object space 91136K, 32% used [0x0000000081c00000,0x00000000838f87f0,0x0000000087500000)
 Metaspace       used 43173K, capacity 44766K, committed 45056K, reserved 1089536K
  class space    used 5181K, capacity 5526K, committed 5632K, reserved 1048576K
}
Event: 32.812 GC heap before
{Heap before GC invocations=23 (full 2):
 PSYoungGen      total 642048K, used 626500K [0x00000000d5f00000, 0x00000000fff80000, 0x0000000100000000)
  eden space 600064K, 100% used [0x00000000d5f00000,0x00000000fa900000,0x00000000fa900000)
  from space 41984K, 62% used [0x00000000fd300000,0x00000000fecd10e0,0x00000000ffc00000)
  to   space 43008K, 0% used [0x00000000fa900000,0x00000000fa900000,0x00000000fd300000)
 ParOldGen       total 91136K, used 29665K [0x0000000081c00000, 0x0000000087500000, 0x00000000d5f00000)
  object space 91136K, 32% used [0x0000000081c00000,0x00000000838f87f0,0x0000000087500000)
 Metaspace       used 55685K, capacity 57744K, committed 57856K, reserved 1099776K
  class space    used 6705K, capacity 7147K, committed 7168K, reserved 1048576K
Event: 32.830 GC heap after
Heap after GC invocations=23 (full 2):
 PSYoungGen      total 643072K, used 20140K [0x00000000d5f00000, 0x00000000ffd00000, 0x0000000100000000)
  eden space 600064K, 0% used [0x00000000d5f00000,0x00000000d5f00000,0x00000000fa900000)
  from space 43008K, 46% used [0x00000000fa900000,0x00000000fbcab228,0x00000000fd300000)
  to   space 40960K, 0% used [0x00000000fd500000,0x00000000fd500000,0x00000000ffd00000)
 ParOldGen       total 91136K, used 36614K [0x0000000081c00000, 0x0000000087500000, 0x00000000d5f00000)
  object space 91136K, 40% used [0x0000000081c00000,0x0000000083fc1840,0x0000000087500000)
 Metaspace       used 55685K, capacity 57744K, committed 57856K, reserved 1099776K
  class space    used 6705K, capacity 7147K, committed 7168K, reserved 1048576K
}
Event: 35.655 GC heap before
{Heap before GC invocations=24 (full 2):
 PSYoungGen      total 643072K, used 612518K [0x00000000d5f00000, 0x00000000ffd00000, 0x0000000100000000)
  eden space 600064K, 98% used [0x00000000d5f00000,0x00000000fa17e910,0x00000000fa900000)
  from space 43008K, 46% used [0x00000000fa900000,0x00000000fbcab228,0x00000000fd300000)
  to   space 40960K, 0% used [0x00000000fd500000,0x00000000fd500000,0x00000000ffd00000)
 ParOldGen       total 91136K, used 36614K [0x0000000081c00000, 0x0000000087500000, 0x00000000d5f00000)
  object space 91136K, 40% used [0x0000000081c00000,0x0000000083fc1840,0x0000000087500000)
 Metaspace       used 56921K, capacity 59020K, committed 59160K, reserved 1101824K
  class space    used 6780K, capacity 7215K, committed 7296K, reserved 1048576K
Event: 35.666 GC heap after
Heap after GC invocations=24 (full 2):
 PSYoungGen      total 645120K, used 11696K [0x00000000d5f00000, 0x00000000ffc00000, 0x0000000100000000)
  eden space 605184K, 0% used [0x00000000d5f00000,0x00000000d5f00000,0x00000000fae00000)
  from space 39936K, 29% used [0x00000000fd500000,0x00000000fe06c340,0x00000000ffc00000)
  to   space 39936K, 0% used [0x00000000fae00000,0x00000000fae00000,0x00000000fd500000)
 ParOldGen       total 91136K, used 47574K [0x0000000081c00000, 0x0000000087500000, 0x00000000d5f00000)
  object space 91136K, 52% used [0x0000000081c00000,0x0000000084a75b88,0x0000000087500000)
 Metaspace       used 56921K, capacity 59020K, committed 59160K, reserved 1101824K
  class space    used 6780K, capacity 7215K, committed 7296K, reserved 1048576K
}
Event: 35.666 GC heap before
{Heap before GC invocations=25 (full 3):
 PSYoungGen      total 645120K, used 11696K [0x00000000d5f00000, 0x00000000ffc00000, 0x0000000100000000)
  eden space 605184K, 0% used [0x00000000d5f00000,0x00000000d5f00000,0x00000000fae00000)
  from space 39936K, 29% used [0x00000000fd500000,0x00000000fe06c340,0x00000000ffc00000)
  to   space 39936K, 0% used [0x00000000fae00000,0x00000000fae00000,0x00000000fd500000)
 ParOldGen       total 91136K, used 47574K [0x0000000081c00000, 0x0000000087500000, 0x00000000d5f00000)
  object space 91136K, 52% used [0x0000000081c00000,0x0000000084a75b88,0x0000000087500000)
 Metaspace       used 56921K, capacity 59020K, committed 59160K, reserved 1101824K
  class space    used 6780K, capacity 7215K, committed 7296K, reserved 1048576K
Event: 35.859 GC heap after
Heap after GC invocations=25 (full 3):
 PSYoungGen      total 645120K, used 0K [0x00000000d5f00000, 0x00000000ffc00000, 0x0000000100000000)
  eden space 605184K, 0% used [0x00000000d5f00000,0x00000000d5f00000,0x00000000fae00000)
  from space 39936K, 0% used [0x00000000fd500000,0x00000000fd500000,0x00000000ffc00000)
  to   space 39936K, 0% used [0x00000000fae00000,0x00000000fae00000,0x00000000fd500000)
 ParOldGen       total 126976K, used 47448K [0x0000000081c00000, 0x0000000089800000, 0x00000000d5f00000)
  object space 126976K, 37% used [0x0000000081c00000,0x0000000084a56330,0x0000000089800000)
 Metaspace       used 56921K, capacity 59020K, committed 59160K, reserved 1101824K
  class space    used 6780K, capacity 7215K, committed 7296K, reserved 1048576K
}

